Build started 05.06.2016 17:19:56.
     1>Project "C:\Users\Екатерина\Documents\GitHub\compiler\ReCompile.vcxproj" on node 2 (Build target(s)).
     1>ClCompile:
         D:\VisualSt\VC\bin\CL.exe /c /ZI /nologo /W3 /WX- /sdl /Od /Oy- /D WIN32 /D _DEBUG /D _CONSOLE /D _LIB /D _CRT_SECURE_NO_WARNINGS /D _UNICODE /D UNICODE /Gm /EHsc /RTC1 /MDd /GS /fp:precise /Zc:wchar_t /Zc:forScope /Yc"stdafx.h" /Fp"Debug\ReCompile.pch" /Fo"Debug\\" /Fd"Debug\vc120.pdb" /Gd /TP /analyze- /errorReport:prompt stdafx.cpp
         stdafx.cpp
         D:\VisualSt\VC\bin\CL.exe /c /ZI /nologo /W3 /WX- /sdl /Od /Oy- /D WIN32 /D _DEBUG /D _CONSOLE /D _LIB /D _CRT_SECURE_NO_WARNINGS /D _UNICODE /D UNICODE /Gm /EHsc /RTC1 /MDd /GS /fp:precise /Zc:wchar_t /Zc:forScope /Yu"stdafx.h" /Fp"Debug\ReCompile.pch" /Fo"Debug\\" /Fd"Debug\vc120.pdb" /Gd /TP /analyze- /errorReport:prompt file_reader.cpp file_writer.cpp parser.cpp ReCompile.cpp SourceF\hash.cpp SourceF\heap.cpp SourceF\list.cpp
         list.cpp
         heap.cpp
     1>c:\users\екатерина\documents\github\compiler\sourcef\heap.cpp(28): warning C4018: '>=' : signed/unsigned mismatch
     1>c:\users\екатерина\documents\github\compiler\sourcef\heap.cpp(62): warning C4018: '<' : signed/unsigned mismatch
         hash.cpp
         ReCompile.cpp
         parser.cpp
         file_writer.cpp
         file_reader.cpp
         Generating Code...
     1>c:\users\екатерина\documents\github\compiler\parser.cpp(196): warning C4715: 'parser::find' : not all control paths return a value
       Link:
         D:\VisualSt\VC\bin\link.exe /ERRORREPORT:PROMPT /OUT:"C:\Users\Екатерина\Documents\GitHub\compiler\Debug\ReCompile.exe" /INCREMENTAL /NOLOGO kernel32.lib user32.lib gdi32.lib winspool.lib comdlg32.lib advapi32.lib shell32.lib ole32.lib oleaut32.lib uuid.lib odbc32.lib odbccp32.lib /MANIFEST /MANIFESTUAC:"level='asInvoker' uiAccess='false'" /manifest:embed /DEBUG /PDB:"C:\Users\Екатерина\Documents\GitHub\compiler\Debug\ReCompile.pdb" /SUBSYSTEM:CONSOLE /TLBID:1 /DYNAMICBASE /NXCOMPAT /IMPLIB:"C:\Users\Екатерина\Documents\GitHub\compiler\Debug\ReCompile.lib" /MACHINE:X86 Debug\file_reader.obj
         Debug\file_writer.obj
         Debug\parser.obj
         Debug\ReCompile.obj
         Debug\hash.obj
         Debug\heap.obj
         Debug\list.obj
         Debug\stdafx.obj
         ReCompile.vcxproj -> C:\Users\Екатерина\Documents\GitHub\compiler\Debug\ReCompile.exe
     1>Done Building Project "C:\Users\Екатерина\Documents\GitHub\compiler\ReCompile.vcxproj" (Build target(s)).

Build succeeded.

Time Elapsed 00:00:05.76
