c:\users\екатерина\documents\github\compiler\debug\recompile.pch
c:\users\екатерина\documents\github\compiler\debug\vc120.pdb
c:\users\екатерина\documents\github\compiler\debug\vc120.idb
c:\users\екатерина\documents\github\compiler\debug\stdafx.obj
c:\users\екатерина\documents\github\compiler\debug\file_reader.obj
c:\users\екатерина\documents\github\compiler\debug\file_writer.obj
c:\users\екатерина\documents\github\compiler\debug\parser.obj
c:\users\екатерина\documents\github\compiler\debug\recompile.obj
c:\users\екатерина\documents\github\compiler\debug\hash.obj
c:\users\екатерина\documents\github\compiler\debug\heap.obj
c:\users\екатерина\documents\github\compiler\debug\list.obj
c:\users\екатерина\documents\github\compiler\debug\automat.obj
c:\users\екатерина\documents\github\compiler\debug\tvalue.obj
c:\users\екатерина\documents\github\compiler\debug\tvaluekeeper.obj
c:\users\екатерина\documents\github\compiler\debug\typelist.obj
c:\users\екатерина\documents\github\compiler\debug\variabletable.obj
c:\users\екатерина\documents\github\compiler\debug\scope.obj
c:\users\екатерина\documents\github\compiler\debug\recompile.ilk
c:\users\екатерина\documents\github\compiler\debug\recompile.exe
c:\users\екатерина\documents\github\compiler\debug\recompile.pdb
c:\users\екатерина\documents\github\compiler\debug\recompile.tlog\cl.command.1.tlog
c:\users\екатерина\documents\github\compiler\debug\recompile.tlog\cl.read.1.tlog
c:\users\екатерина\documents\github\compiler\debug\recompile.tlog\cl.write.1.tlog
c:\users\екатерина\documents\github\compiler\debug\recompile.tlog\link.command.1.tlog
c:\users\екатерина\documents\github\compiler\debug\recompile.tlog\link.read.1.tlog
c:\users\екатерина\documents\github\compiler\debug\recompile.tlog\link.write.1.tlog
