Build started 18.06.16 19:32:50.
     1>Project "\\Mac\Home\Desktop\programming\c++\compiler__githib\compiler\ТВПиС\ТВПиС.vcxproj" on node 2 (Build target(s)).
     1>ClCompile:
         C:\Program Files (x86)\Microsoft Visual Studio 12.0\VC\bin\CL.exe /c /ZI /nologo /W3 /WX- /sdl /Od /Oy- /D WIN32 /D _DEBUG /D _CONSOLE /D _UNICODE /D UNICODE /Gm /EHsc /RTC1 /MDd /GS /fp:precise /Zc:wchar_t /Zc:forScope /Yc"stdafx.h" /Fp"Debug\ТВПиС.pch" /Fo"Debug\\" /Fd"Debug\vc120.pdb" /Gd /TP /analyze- /errorReport:prompt stdafx.cpp
         stdafx.cpp
         C:\Program Files (x86)\Microsoft Visual Studio 12.0\VC\bin\CL.exe /c /ZI /nologo /W3 /WX- /sdl /Od /Oy- /D WIN32 /D _DEBUG /D _CONSOLE /D _UNICODE /D UNICODE /Gm /EHsc /RTC1 /MDd /GS /fp:precise /Zc:wchar_t /Zc:forScope /Yu"stdafx.h" /Fp"Debug\ТВПиС.pch" /Fo"Debug\\" /Fd"Debug\vc120.pdb" /Gd /TP /analyze- /errorReport:prompt ASTBuilder.cpp Automat.cpp BinaryOperationList.cpp Exception.cpp FileReader.cpp FileWritter.cpp Hash.cpp Heap.cpp List.cpp Parser.cpp Scope.cpp Segment.cpp TNode.cpp TValue.cpp TValueKeeper.cpp TypeList.cpp UnaryOperationList.cpp VariableTable.cpp "ТВПиС.cpp"
         ТВПиС.cpp
     1>\\mac\home\desktop\programming\c++\compiler__githib\compiler\твпис\твпис.cpp(13): warning C4244: 'argument' : conversion from 'time_t' to 'unsigned int', possible loss of data
         VariableTable.cpp
         UnaryOperationList.cpp
         TypeList.cpp
         TValueKeeper.cpp
         TValue.cpp
         TNode.cpp
     1>\\mac\home\desktop\programming\c++\compiler__githib\compiler\твпис\tnode.cpp(216): warning C4800: 'double' : forcing value to bool 'true' or 'false' (performance warning)
         Segment.cpp
         Scope.cpp
         Parser.cpp
     1>\\mac\home\desktop\programming\c++\compiler__githib\compiler\твпис\parser.cpp(94): warning C4018: '<' : signed/unsigned mismatch
     1>\\mac\home\desktop\programming\c++\compiler__githib\compiler\твпис\parser.cpp(129): warning C4018: '<' : signed/unsigned mismatch
         List.cpp
         Heap.cpp
         Hash.cpp
         FileWritter.cpp
         FileReader.cpp
     1>\\mac\home\desktop\programming\c++\compiler__githib\compiler\твпис\filereader.cpp(66): warning C4018: '<' : signed/unsigned mismatch
     1>\\mac\home\desktop\programming\c++\compiler__githib\compiler\твпис\filereader.cpp(73): warning C4018: '<' : signed/unsigned mismatch
         Exception.cpp
         BinaryOperationList.cpp
         Automat.cpp
     1>\\mac\home\desktop\programming\c++\compiler__githib\compiler\твпис\automat.cpp(97): warning C4018: '<' : signed/unsigned mismatch
     1>\\mac\home\desktop\programming\c++\compiler__githib\compiler\твпис\automat.cpp(193): warning C4018: '<' : signed/unsigned mismatch
         ASTBuilder.cpp
     1>\\mac\home\desktop\programming\c++\compiler__githib\compiler\твпис\astbuilder.cpp(148): warning C4018: '<' : signed/unsigned mismatch
         Generating Code...
     1>\\mac\home\desktop\programming\c++\compiler__githib\compiler\твпис\automat.cpp(232): warning C4715: 'Automat::StringParse' : not all control paths return a value
     1>\\mac\home\desktop\programming\c++\compiler__githib\compiler\твпис\automat.cpp(73): warning C4715: 'Automat::StrToToken' : not all control paths return a value
     1>\\mac\home\desktop\programming\c++\compiler__githib\compiler\твпис\parser.cpp(178): warning C4715: 'Parser::Find' : not all control paths return a value
       Link:
         C:\Program Files (x86)\Microsoft Visual Studio 12.0\VC\bin\link.exe /ERRORREPORT:PROMPT /OUT:"\\Mac\Home\Desktop\programming\c++\compiler__githib\compiler\Debug\ТВПиС.exe" /INCREMENTAL /NOLOGO kernel32.lib user32.lib gdi32.lib winspool.lib comdlg32.lib advapi32.lib shell32.lib ole32.lib oleaut32.lib uuid.lib odbc32.lib odbccp32.lib /MANIFEST /MANIFESTUAC:"level='asInvoker' uiAccess='false'" /manifest:embed /DEBUG /PDB:"\\Mac\Home\Desktop\programming\c++\compiler__githib\compiler\Debug\ТВПиС.pdb" /SUBSYSTEM:CONSOLE /TLBID:1 /DYNAMICBASE /NXCOMPAT /IMPLIB:"\\Mac\Home\Desktop\programming\c++\compiler__githib\compiler\Debug\ТВПиС.lib" /MACHINE:X86 Debug\ASTBuilder.obj
         Debug\Automat.obj
         Debug\BinaryOperationList.obj
         Debug\Exception.obj
         Debug\FileReader.obj
         Debug\FileWritter.obj
         Debug\Hash.obj
         Debug\Heap.obj
         Debug\List.obj
         Debug\Parser.obj
         Debug\Scope.obj
         Debug\Segment.obj
         Debug\stdafx.obj
         Debug\TNode.obj
         Debug\TValue.obj
         Debug\TValueKeeper.obj
         Debug\TypeList.obj
         Debug\UnaryOperationList.obj
         Debug\VariableTable.obj
         "Debug\ТВПиС.obj"
         ТВПиС.vcxproj -> \\Mac\Home\Desktop\programming\c++\compiler__githib\compiler\Debug\ТВПиС.exe
     1>Done Building Project "\\Mac\Home\Desktop\programming\c++\compiler__githib\compiler\ТВПиС\ТВПиС.vcxproj" (Build target(s)).

Build succeeded.

Time Elapsed 00:00:14.74
